<?xml version="1.0" encoding="UTF-8"?>
<testsuite name="com.segnities007.auth.domain.policy.PasswordPolicyTest" tests="3" skipped="0" failures="0" errors="0" timestamp="2026-03-21T17:09:43.748Z" hostname="archlinux" time="0.007">
  <properties/>
  <testcase name="longUniquePassword_isAccepted" classname="com.segnities007.auth.domain.policy.PasswordPolicyTest" time="0.006"/>
  <testcase name="shortPassword_returnsMinimumLengthViolation" classname="com.segnities007.auth.domain.policy.PasswordPolicyTest" time="0.001"/>
  <testcase name="blockedPassword_returnsCommonViolation" classname="com.segnities007.auth.domain.policy.PasswordPolicyTest" time="0.0"/>
  <system-out><![CDATA[]]></system-out>
  <system-err><![CDATA[]]></system-err>
</testsuite>
