<?xml version="1.0" encoding="UTF-8"?>
<testsuite name="com.segnities007.auth.data.repository.PasswordEntryPolicyTest" tests="4" skipped="0" failures="0" errors="0" timestamp="2026-03-22T09:03:14.311Z" hostname="archlinux" time="0.02">
  <properties/>
  <testcase name="firstFourFailures_doNotLock" classname="com.segnities007.auth.data.repository.PasswordEntryPolicyTest" time="0.002"/>
  <testcase name="fifthFailure_locksForThirtySeconds" classname="com.segnities007.auth.data.repository.PasswordEntryPolicyTest" time="0.013"/>
  <testcase name="tenthFailure_escalatesToSixtySeconds" classname="com.segnities007.auth.data.repository.PasswordEntryPolicyTest" time="0.0"/>
  <testcase name="cleared_resetsFailureState" classname="com.segnities007.auth.data.repository.PasswordEntryPolicyTest" time="0.0"/>
  <system-out><![CDATA[]]></system-out>
  <system-err><![CDATA[]]></system-err>
</testsuite>
