<?xml version="1.0" encoding="UTF-8"?>
<testsuite name="com.segnities007.auth.domain.policy.PasswordPolicyTest" tests="5" skipped="0" failures="0" errors="0" timestamp="2026-03-22T09:03:14.334Z" hostname="archlinux" time="0.014">
  <properties/>
  <testcase name="repeatedCharacterPassword_isRejected" classname="com.segnities007.auth.domain.policy.PasswordPolicyTest" time="0.012"/>
  <testcase name="sequentialPassword_isRejected" classname="com.segnities007.auth.domain.policy.PasswordPolicyTest" time="0.001"/>
  <testcase name="longUniquePassword_isAccepted" classname="com.segnities007.auth.domain.policy.PasswordPolicyTest" time="0.0"/>
  <testcase name="shortPassword_returnsMinimumLengthViolation" classname="com.segnities007.auth.domain.policy.PasswordPolicyTest" time="0.001"/>
  <testcase name="blockedPassword_returnsCommonViolation" classname="com.segnities007.auth.domain.policy.PasswordPolicyTest" time="0.0"/>
  <system-out><![CDATA[]]></system-out>
  <system-err><![CDATA[]]></system-err>
</testsuite>
