<?xml version="1.0" encoding="UTF-8"?>
<testsuite name="com.segnities007.auth.data.repository.PasswordEntryPolicyTest" tests="4" skipped="0" failures="0" errors="0" timestamp="2026-03-23T17:22:16.571Z" hostname="archlinux" time="0.046">
  <properties/>
  <testcase name="firstFourFailures_doNotLock" classname="com.segnities007.auth.data.repository.PasswordEntryPolicyTest" time="0.004"/>
  <testcase name="fifthFailure_locksForThirtySeconds" classname="com.segnities007.auth.data.repository.PasswordEntryPolicyTest" time="0.03"/>
  <testcase name="tenthFailure_escalatesToSixtySeconds" classname="com.segnities007.auth.data.repository.PasswordEntryPolicyTest" time="0.001"/>
  <testcase name="cleared_resetsFailureState" classname="com.segnities007.auth.data.repository.PasswordEntryPolicyTest" time="0.0"/>
  <system-out><![CDATA[]]></system-out>
  <system-err><![CDATA[]]></system-err>
</testsuite>
