<?xml version="1.0" encoding="UTF-8"?>
<testsuite name="com.segnities007.setting.presentation.contract.SettingStateTest" tests="1" skipped="0" failures="0" errors="0" timestamp="2026-03-22T07:32:06.556Z" hostname="archlinux" time="0.006">
  <properties/>
  <testcase name="isAnyLoading_isTrueWhenAnyOperationIsRunning" classname="com.segnities007.setting.presentation.contract.SettingStateTest" time="0.002"/>
  <system-out><![CDATA[]]></system-out>
  <system-err><![CDATA[]]></system-err>
</testsuite>
