<?xml version="1.0" encoding="UTF-8"?>
<testsuite name="com.segnities007.note.presentation.state.NoteTitleExtractorTest" tests="2" skipped="0" failures="0" errors="0" timestamp="2026-03-22T07:32:08.492Z" hostname="archlinux" time="0.0">
  <properties/>
  <testcase name="extractNoteTitle_returnsEmptyForBlankContent" classname="com.segnities007.note.presentation.state.NoteTitleExtractorTest" time="0.0"/>
  <testcase name="extractNoteTitle_usesFirstNonBlankLine" classname="com.segnities007.note.presentation.state.NoteTitleExtractorTest" time="0.0"/>
  <system-out><![CDATA[]]></system-out>
  <system-err><![CDATA[]]></system-err>
</testsuite>
