<?xml version="1.0" encoding="UTF-8"?>
<testsuite name="com.segnities007.note.presentation.state.NotePageStateTransitionsTest" tests="3" skipped="0" failures="0" errors="0" timestamp="2026-03-22T07:32:08.488Z" hostname="archlinux" time="0.002">
  <properties/>
  <testcase name="resolvePageChange_removesBlankNonTrailingPageAndAdjustsTargetIndex" classname="com.segnities007.note.presentation.state.NotePageStateTransitionsTest" time="0.002"/>
  <testcase name="resolvePageChange_keepsTrailingBlankPageWhenLeavingIt" classname="com.segnities007.note.presentation.state.NotePageStateTransitionsTest" time="0.0"/>
  <testcase name="ensureTrailingBlankPage_keepsNonTrailingBlankPages" classname="com.segnities007.note.presentation.state.NotePageStateTransitionsTest" time="0.0"/>
  <system-out><![CDATA[]]></system-out>
  <system-err><![CDATA[]]></system-err>
</testsuite>
