<?xml version="1.0" encoding="UTF-8"?>
<testsuite name="com.segnities007.settings.FontScaleTest" tests="2" skipped="0" failures="0" errors="0" timestamp="2026-03-21T15:50:20.265Z" hostname="archlinux" time="0.021">
  <properties/>
  <testcase name="sanitized_snapsArbitraryScaleToPreset" classname="com.segnities007.settings.FontScaleTest" time="0.016"/>
  <testcase name="snapToSupportedFontScale_returnsNearestPreset" classname="com.segnities007.settings.FontScaleTest" time="0.0"/>
  <system-out><![CDATA[]]></system-out>
  <system-err><![CDATA[]]></system-err>
</testsuite>
